<?xml version="1.0" encoding="UTF-8"?>
<!-- Generated by org.testng.reporters.JUnitXMLReporter -->
<testsuite ignored="0" hostname="DESKTOP-I7U672O" failures="1" tests="1" name="Default test" time="18.809" errors="0" timestamp="2023-01-18T14:57:28 IST">
  <testcase classname="maven_project.sampleTest" name="createTest" time="18.649">
    <failure type="org.openqa.selenium.SessionNotCreatedException" message="session not created: This version of ChromeDriver only supports Chrome version 107
Current browser version is 109.0.5414.75 with binary path C:\Program Files\Google\Chrome\Application\chrome.exe
Build info: version: &amp;apos;3.141.59&amp;apos;, revision: &amp;apos;e82be7d358&amp;apos;, time: &amp;apos;2018-11-14T08:17:03&amp;apos;
System info: host: &amp;apos;DESKTOP-I7U672O&amp;apos;, ip: &amp;apos;192.168.181.1&amp;apos;, os.name: &amp;apos;Windows 10&amp;apos;, os.arch: &amp;apos;amd64&amp;apos;, os.version: &amp;apos;10.0&amp;apos;, java.version: &amp;apos;11.0.2&amp;apos;
Driver info: driver.version: ChromeDriver
remote stacktrace: Backtrace:
	Ordinal0 [0x00BDACD3+2075859]
	Ordinal0 [0x00B6EE61+1633889]
	Ordinal0 [0x00A6B7BD+571325]
	Ordinal0 [0x00A8DFCD+712653]
	Ordinal0 [0x00A89266+692838]
	Ordinal0 [0x00A86BE9+682985]
	Ordinal0 [0x00ABDBD3+908243]
	Ordinal0 [0x00ABD6AA+906922]
	Ordinal0 [0x00AB7136+880950]
	Ordinal0 [0x00A8FEFD+720637]
	Ordinal0 [0x00A90F3F+724799]
	GetHandleVerifier [0x00E8EED2+2769538]
	GetHandleVerifier [0x00E80D95+2711877]
	GetHandleVerifier [0x00C6A03A+521194]
	GetHandleVerifier [0x00C68DA0+516432]
	Ordinal0 [0x00B7682C+1665068]
	Ordinal0 [0x00B7B128+1683752]
	Ordinal0 [0x00B7B215+1683989]
	Ordinal0 [0x00B86484+1729668]
	BaseThreadInitThunk [0x773A00F9+25]
	RtlGetAppContainerNamedObjectPath [0x77607BBE+286]
	RtlGetAppContainerNamedObjectPath [0x77607B8E+238]
">
      <![CDATA[org.openqa.selenium.SessionNotCreatedException: session not created: This version of ChromeDriver only supports Chrome version 107
Current browser version is 109.0.5414.75 with binary path C:\Program Files\Google\Chrome\Application\chrome.exe
Build info: version: '3.141.59', revision: 'e82be7d358', time: '2018-11-14T08:17:03'
System info: host: 'DESKTOP-I7U672O', ip: '192.168.181.1', os.name: 'Windows 10', os.arch: 'amd64', os.version: '10.0', java.version: '11.0.2'
Driver info: driver.version: ChromeDriver
remote stacktrace: Backtrace:
Ordinal0 [0x00BDACD3+2075859]
Ordinal0 [0x00B6EE61+1633889]
Ordinal0 [0x00A6B7BD+571325]
Ordinal0 [0x00A8DFCD+712653]
Ordinal0 [0x00A89266+692838]
Ordinal0 [0x00A86BE9+682985]
Ordinal0 [0x00ABDBD3+908243]
Ordinal0 [0x00ABD6AA+906922]
Ordinal0 [0x00AB7136+880950]
Ordinal0 [0x00A8FEFD+720637]
Ordinal0 [0x00A90F3F+724799]
GetHandleVerifier [0x00E8EED2+2769538]
GetHandleVerifier [0x00E80D95+2711877]
GetHandleVerifier [0x00C6A03A+521194]
GetHandleVerifier [0x00C68DA0+516432]
Ordinal0 [0x00B7682C+1665068]
Ordinal0 [0x00B7B128+1683752]
Ordinal0 [0x00B7B215+1683989]
Ordinal0 [0x00B86484+1729668]
BaseThreadInitThunk [0x773A00F9+25]
RtlGetAppContainerNamedObjectPath [0x77607BBE+286]
RtlGetAppContainerNamedObjectPath [0x77607B8E+238]

at org.openqa.selenium.remote.W3CHandshakeResponse.lambda$errorHandler$0(W3CHandshakeResponse.java:62)
at org.openqa.selenium.remote.HandshakeResponse.lambda$getResponseFunction$0(HandshakeResponse.java:30)
at org.openqa.selenium.remote.ProtocolHandshake.lambda$createSession$0(ProtocolHandshake.java:126)
at java.base/java.util.stream.ReferencePipeline$3$1.accept(ReferencePipeline.java:195)
at java.base/java.util.Spliterators$ArraySpliterator.tryAdvance(Spliterators.java:958)
at java.base/java.util.stream.ReferencePipeline.forEachWithCancel(ReferencePipeline.java:127)
at java.base/java.util.stream.AbstractPipeline.copyIntoWithCancel(AbstractPipeline.java:502)
at java.base/java.util.stream.AbstractPipeline.copyInto(AbstractPipeline.java:488)
at java.base/java.util.stream.AbstractPipeline.wrapAndCopyInto(AbstractPipeline.java:474)
at java.base/java.util.stream.FindOps$FindOp.evaluateSequential(FindOps.java:150)
at java.base/java.util.stream.AbstractPipeline.evaluate(AbstractPipeline.java:234)
at java.base/java.util.stream.ReferencePipeline.findFirst(ReferencePipeline.java:543)
at org.openqa.selenium.remote.ProtocolHandshake.createSession(ProtocolHandshake.java:128)
at org.openqa.selenium.remote.ProtocolHandshake.createSession(ProtocolHandshake.java:74)
at org.openqa.selenium.remote.HttpCommandExecutor.execute(HttpCommandExecutor.java:136)
at org.openqa.selenium.remote.service.DriverCommandExecutor.execute(DriverCommandExecutor.java:83)
at org.openqa.selenium.remote.RemoteWebDriver.execute(RemoteWebDriver.java:552)
at org.openqa.selenium.remote.RemoteWebDriver.startSession(RemoteWebDriver.java:213)
at org.openqa.selenium.remote.RemoteWebDriver.<init>(RemoteWebDriver.java:131)
at org.openqa.selenium.chrome.ChromeDriver.<init>(ChromeDriver.java:181)
at org.openqa.selenium.chrome.ChromeDriver.<init>(ChromeDriver.java:168)
at org.openqa.selenium.chrome.ChromeDriver.<init>(ChromeDriver.java:123)
at maven_project.sampleTest.createTest(sampleTest.java:15)
at java.base/java.util.ArrayList.forEach(ArrayList.java:1540)
... Removed 31 stack frames]]>
    </failure>
  </testcase> <!-- createTest -->
</testsuite> <!-- Default test -->
